  Main.cpp
C:\Users\user\Desktop\DiceGame\CUICPPBase\Main.cpp(1,1): warning C4819: ファイルは、現在のコード ページ (932) で表示できない文字を含んでいます。データの損失を防ぐために、ファイルを Unicode 形式で保存してください。
C:\Users\user\Desktop\DiceGame\CUICPPBase\Main.cpp(85,12): warning C4244: '引数': 'time_t' から 'unsigned int' への変換です。データが失われる可能性があります。
C:\Users\user\Desktop\DiceGame\CUICPPBase\Main.cpp(88,127): error C2664: 'void InitFAttackObject(FAObject *,char *,int)': 引数 2 を 'const char [54]' から 'char *' へ変換できません。
C:\Users\user\Desktop\DiceGame\CUICPPBase\Main.cpp(88,31): message : 文字列リテラルからの変換では const 修飾子が失われます (/Zc:strictStrings を参照)
C:\Users\user\Desktop\DiceGame\CUICPPBase\Main.cpp(46,6): message : 'InitFAttackObject' の宣言を確認してください
C:\Users\user\Desktop\DiceGame\CUICPPBase\Main.cpp(90,33): error C2001: 定数が 2 行目に続いています。
C:\Users\user\Desktop\DiceGame\CUICPPBase\Main.cpp(91,2): error C2146: 構文エラー: ')' が、識別子 'InitCharaData' の前に必要です。
C:\Users\user\Desktop\DiceGame\CUICPPBase\Main.cpp(90,2): error C2664: 'void InitCharaData(CharaData *,char *)': 引数 2 を 'const char [13]' から 'char *' へ変換できません。
C:\Users\user\Desktop\DiceGame\CUICPPBase\Main.cpp(90,33): message : 文字列リテラルからの変換では const 修飾子が失われます (/Zc:strictStrings を参照)
C:\Users\user\Desktop\DiceGame\CUICPPBase\Main.cpp(47,6): message : 'InitCharaData' の宣言を確認してください
C:\Users\user\Desktop\DiceGame\CUICPPBase\Main.cpp(91,2): error C2146: 構文エラー: ';' が、識別子 'InitCharaData' の前に必要です。
C:\Users\user\Desktop\DiceGame\CUICPPBase\Main.cpp(91,54): error C2664: 'void InitCharaData(CharaData *,char *)': 引数 2 を 'const char [13]' から 'char *' へ変換できません。
C:\Users\user\Desktop\DiceGame\CUICPPBase\Main.cpp(91,32): message : 文字列リテラルからの変換では const 修飾子が失われます (/Zc:strictStrings を参照)
C:\Users\user\Desktop\DiceGame\CUICPPBase\Main.cpp(47,6): message : 'InitCharaData' の宣言を確認してください
C:\Users\user\Desktop\DiceGame\CUICPPBase\Main.cpp(136,151): warning C4819: ファイルは、現在のコード ページ (0) で表示できない文字を含んでいます。データの損失を防ぐために、ファイルを Unicode 形式で保存してください。
C:\Users\user\Desktop\DiceGame\CUICPPBase\Main.cpp(139,224): warning C4819: ファイルは、現在のコード ページ (0) で表示できない文字を含んでいます。データの損失を防ぐために、ファイルを Unicode 形式で保存してください。
C:\Users\user\Desktop\DiceGame\CUICPPBase\Main.cpp(190,34): warning C4819: ファイルは、現在のコード ページ (0) で表示できない文字を含んでいます。データの損失を防ぐために、ファイルを Unicode 形式で保存してください。
C:\Users\user\Desktop\DiceGame\CUICPPBase\Main.cpp(270,5): error C4996: 'scanf': This function or variable may be unsafe. Consider using scanf_s instead. To disable deprecation, use _CRT_SECURE_NO_WARNINGS. See online help for details.
C:\Users\user\Desktop\DiceGame\CUICPPBase\Main.cpp(452,76): warning C4474: 'printf': 書式文字列に渡された引数の数が多すぎます
C:\Users\user\Desktop\DiceGame\CUICPPBase\Main.cpp(452,76): message : プレースホルダーとそのパラメーターには 0 の可変個引数が必要ですが、1 が指定されています。
C:\Users\user\Desktop\DiceGame\CUICPPBase\Main.cpp(638,9): error C2001: 定数が 2 行目に続いています。
C:\Users\user\Desktop\DiceGame\CUICPPBase\Main.cpp(640,2): error C2146: 構文エラー: ')' が、識別子 '_this' の前に必要です。
C:\Users\user\Desktop\DiceGame\CUICPPBase\Main.cpp(638,9): warning C4473: 'printf': 書式文字列として渡された引数が不足しています
C:\Users\user\Desktop\DiceGame\CUICPPBase\Main.cpp(638,9): message : プレースホルダーとそのパラメーターには 1 の可変個引数が必要ですが、0 が指定されています。
C:\Users\user\Desktop\DiceGame\CUICPPBase\Main.cpp(638,9): message : 不足している可変個引数 1 が書式文字列 '%s' に必要です
C:\Users\user\Desktop\DiceGame\CUICPPBase\Main.cpp(640,2): error C2146: 構文エラー: ';' が、識別子 '_this' の前に必要です。
  CharactorEffectBase.cpp
  Charactor.cpp
C:\Users\user\Desktop\DiceGame\CUICPPBase\src\DiceEffectBase\DiceEffectBase.h(35,43): error C2061: 構文エラー: 識別子 'FutureObject'
C:\Users\user\Desktop\DiceGame\CUICPPBase\src\Charactor\Charactor.cpp(17,24): error C2039: 'IsGuard': 'Charactor' のメンバーではありません
C:\Users\user\Desktop\DiceGame\CUICPPBase\src\Charactor\Charactor.h(12): message : 'Charactor' の宣言を確認してください
C:\Users\user\Desktop\DiceGame\CUICPPBase\src\Charactor\Charactor.cpp(20,10): error C2065: 'guardFlg': 定義されていない識別子です。
C:\Users\user\Desktop\DiceGame\CUICPPBase\src\Charactor\Charactor.cpp(21,47): error C2065: 'name': 定義されていない識別子です。
C:\Users\user\Desktop\DiceGame\CUICPPBase\src\Charactor\Charactor.cpp(21,12): warning C4473: 'printf': 書式文字列として渡された引数が不足しています
C:\Users\user\Desktop\DiceGame\CUICPPBase\src\Charactor\Charactor.cpp(21,12): message : プレースホルダーとそのパラメーターには 1 の可変個引数が必要ですが、0 が指定されています。
C:\Users\user\Desktop\DiceGame\CUICPPBase\src\Charactor\Charactor.cpp(21,12): message : 不足している可変個引数 1 が書式文字列 '%s' に必要です
C:\Users\user\Desktop\DiceGame\CUICPPBase\src\Charactor\Charactor.cpp(96,8): error C2027: 認識できない型 'CharaData' が使われています。
C:\Users\user\Desktop\DiceGame\CUICPPBase\src\Charactor\Charactor.cpp(94): message : 'CharaData' の宣言を確認してください
C:\Users\user\Desktop\DiceGame\CUICPPBase\src\Charactor\Charactor.cpp(96,30): error C2065: 'guard': 定義されていない識別子です。
C:\Users\user\Desktop\DiceGame\CUICPPBase\src\Charactor\Charactor.cpp(97,53): error C2027: 認識できない型 'CharaData' が使われています。
C:\Users\user\Desktop\DiceGame\CUICPPBase\src\Charactor\Charactor.cpp(94): message : 'CharaData' の宣言を確認してください
C:\Users\user\Desktop\DiceGame\CUICPPBase\src\Charactor\Charactor.cpp(97,12): warning C4473: 'printf': 書式文字列として渡された引数が不足しています
C:\Users\user\Desktop\DiceGame\CUICPPBase\src\Charactor\Charactor.cpp(97,12): message : プレースホルダーとそのパラメーターには 1 の可変個引数が必要ですが、0 が指定されています。
C:\Users\user\Desktop\DiceGame\CUICPPBase\src\Charactor\Charactor.cpp(97,12): message : 不足している可変個引数 1 が書式文字列 '%s' に必要です
C:\Users\user\Desktop\DiceGame\CUICPPBase\src\Charactor\Charactor.cpp(106,48): error C2027: 認識できない型 'CharaData' が使われています。
C:\Users\user\Desktop\DiceGame\CUICPPBase\src\Charactor\Charactor.cpp(94): message : 'CharaData' の宣言を確認してください
C:\Users\user\Desktop\DiceGame\CUICPPBase\src\Charactor\Charactor.cpp(106,12): warning C4477: 'printf' : 書式文字列 '%s' には、型 'char *' の引数が必要ですが、可変個引数 1 は型 'int' です
C:\Users\user\Desktop\DiceGame\CUICPPBase\src\Charactor\Charactor.cpp(106,12): warning C4473: 'printf': 書式文字列として渡された引数が不足しています
C:\Users\user\Desktop\DiceGame\CUICPPBase\src\Charactor\Charactor.cpp(106,12): message : プレースホルダーとそのパラメーターには 2 の可変個引数が必要ですが、1 が指定されています。
C:\Users\user\Desktop\DiceGame\CUICPPBase\src\Charactor\Charactor.cpp(106,12): message : 不足している可変個引数 2 が書式文字列 '%d' に必要です
C:\Users\user\Desktop\DiceGame\CUICPPBase\src\Charactor\Charactor.cpp(107,8): error C2027: 認識できない型 'CharaData' が使われています。
C:\Users\user\Desktop\DiceGame\CUICPPBase\src\Charactor\Charactor.cpp(94): message : 'CharaData' の宣言を確認してください
C:\Users\user\Desktop\DiceGame\CUICPPBase\src\Charactor\Charactor.cpp(107,29): error C2065: 'guard': 定義されていない識別子です。
C:\Users\user\Desktop\DiceGame\CUICPPBase\src\Charactor\Charactor.cpp(109,15): error C2027: 認識できない型 'CharaData' が使われています。
C:\Users\user\Desktop\DiceGame\CUICPPBase\src\Charactor\Charactor.cpp(94): message : 'CharaData' の宣言を確認してください
C:\Users\user\Desktop\DiceGame\CUICPPBase\src\Charactor\Charactor.cpp(109,28): error C2027: 認識できない型 'CharaData' が使われています。
C:\Users\user\Desktop\DiceGame\CUICPPBase\src\Charactor\Charactor.cpp(94): message : 'CharaData' の宣言を確認してください
C:\Users\user\Desktop\DiceGame\CUICPPBase\src\Charactor\Charactor.cpp(110,13): error C2065: 'doubleFlg': 定義されていない識別子です。
C:\Users\user\Desktop\DiceGame\CUICPPBase\src\Charactor\Charactor.cpp(112,19): error C2027: 認識できない型 'CharaData' が使われています。
C:\Users\user\Desktop\DiceGame\CUICPPBase\src\Charactor\Charactor.cpp(94): message : 'CharaData' の宣言を確認してください
C:\Users\user\Desktop\DiceGame\CUICPPBase\src\Charactor\Charactor.cpp(112,32): error C2027: 認識できない型 'CharaData' が使われています。
C:\Users\user\Desktop\DiceGame\CUICPPBase\src\Charactor\Charactor.cpp(94): message : 'CharaData' の宣言を確認してください
C:\Users\user\Desktop\DiceGame\CUICPPBase\src\Charactor\Charactor.cpp(116,11): error C2027: 認識できない型 'CharaData' が使われています。
C:\Users\user\Desktop\DiceGame\CUICPPBase\src\Charactor\Charactor.cpp(94): message : 'CharaData' の宣言を確認してください
C:\Users\user\Desktop\DiceGame\CUICPPBase\src\Charactor\Charactor.cpp(121,49): error C2027: 認識できない型 'CharaData' が使われています。
C:\Users\user\Desktop\DiceGame\CUICPPBase\src\Charactor\Charactor.cpp(94): message : 'CharaData' の宣言を確認してください
C:\Users\user\Desktop\DiceGame\CUICPPBase\src\Charactor\Charactor.cpp(121,12): warning C4473: 'printf': 書式文字列として渡された引数が不足しています
C:\Users\user\Desktop\DiceGame\CUICPPBase\src\Charactor\Charactor.cpp(121,12): message : プレースホルダーとそのパラメーターには 1 の可変個引数が必要ですが、0 が指定されています。
C:\Users\user\Desktop\DiceGame\CUICPPBase\src\Charactor\Charactor.cpp(121,12): message : 不足している可変個引数 1 が書式文字列 '%s' に必要です
C:\Users\user\Desktop\DiceGame\CUICPPBase\src\Charactor\Charactor.cpp(126,5): error C3861: 'CrotocalDamage': 識別子が見つかりませんでした
C:\Users\user\Desktop\DiceGame\CUICPPBase\src\Charactor\Charactor.cpp(136,5): error C2065: 'Critical': 定義されていない識別子です。
  DiceEffectBase.cpp
C:\Users\user\Desktop\DiceGame\CUICPPBase\src\DiceEffectBase\DiceEffectBase.h(35,43): error C2061: 構文エラー: 識別子 'FutureObject'
C:\Users\user\Desktop\DiceGame\CUICPPBase\src\DiceEffectBase\DiceEffectBase.cpp(6,1): error C2511: 'void DiceEffectBase::NormalAttack(Charactor *,int)': オーバーロードされたメンバー関数が 'DiceEffectBase' にありません。
C:\Users\user\Desktop\DiceGame\CUICPPBase\src\DiceEffectBase\DiceEffectBase.h(8): message : 'DiceEffectBase' の宣言を確認してください
C:\Users\user\Desktop\DiceGame\CUICPPBase\src\DiceEffectBase\DiceEffectBase.cpp(7,5): error C2027: 認識できない型 'Charactor' が使われています。
C:\Users\user\Desktop\DiceGame\CUICPPBase\src\DiceEffectBase\DiceEffectBase.h(4): message : 'Charactor' の宣言を確認してください
C:\Users\user\Desktop\DiceGame\CUICPPBase\src\DiceEffectBase\DiceEffectBase.cpp(10,90): error C2027: 認識できない型 'Charactor' が使われています。
C:\Users\user\Desktop\DiceGame\CUICPPBase\src\DiceEffectBase\DiceEffectBase.h(4): message : 'Charactor' の宣言を確認してください
C:\Users\user\Desktop\DiceGame\CUICPPBase\src\DiceEffectBase\DiceEffectBase.cpp(10,2): error C3861: 'printf': 識別子が見つかりませんでした
C:\Users\user\Desktop\DiceGame\CUICPPBase\src\DiceEffectBase\DiceEffectBase.cpp(11,9): error C2027: 認識できない型 'Charactor' が使われています。
C:\Users\user\Desktop\DiceGame\CUICPPBase\src\DiceEffectBase\DiceEffectBase.h(4): message : 'Charactor' の宣言を確認してください
C:\Users\user\Desktop\DiceGame\CUICPPBase\src\DiceEffectBase\DiceEffectBase.cpp(12,29): error C2664: 'void DiceEffectBase::DoubleTest(Charactor &,int)': 引数 1 を 'Charactor *' から 'Charactor &' へ変換できません。
C:\Users\user\Desktop\DiceGame\CUICPPBase\src\DiceEffectBase\DiceEffectBase.h(38,10): message : 'DiceEffectBase::DoubleTest' の宣言を確認してください
C:\Users\user\Desktop\DiceGame\CUICPPBase\src\DiceEffectBase\DiceEffectBase.cpp(17,1): error C2511: 'void DiceEffectBase::StanAttack(Charactor *,int)': オーバーロードされたメンバー関数が 'DiceEffectBase' にありません。
C:\Users\user\Desktop\DiceGame\CUICPPBase\src\DiceEffectBase\DiceEffectBase.h(8): message : 'DiceEffectBase' の宣言を確認してください
C:\Users\user\Desktop\DiceGame\CUICPPBase\src\DiceEffectBase\DiceEffectBase.cpp(18,5): error C2027: 認識できない型 'Charactor' が使われています。
C:\Users\user\Desktop\DiceGame\CUICPPBase\src\DiceEffectBase\DiceEffectBase.h(4): message : 'Charactor' の宣言を確認してください
C:\Users\user\Desktop\DiceGame\CUICPPBase\src\DiceEffectBase\DiceEffectBase.cpp(21,31): error C2664: 'void DiceEffectBase::NormalAttack(Charactor &,int)': 引数 1 を 'Charactor *' から 'Charactor &' へ変換できません。
C:\Users\user\Desktop\DiceGame\CUICPPBase\src\DiceEffectBase\DiceEffectBase.h(17,10): message : 'DiceEffectBase::NormalAttack' の宣言を確認してください
C:\Users\user\Desktop\DiceGame\CUICPPBase\src\DiceEffectBase\DiceEffectBase.cpp(22,9): error C2027: 認識できない型 'Charactor' が使われています。
C:\Users\user\Desktop\DiceGame\CUICPPBase\src\DiceEffectBase\DiceEffectBase.h(4): message : 'Charactor' の宣言を確認してください
C:\Users\user\Desktop\DiceGame\CUICPPBase\src\DiceEffectBase\DiceEffectBase.cpp(23,66): error C2027: 認識できない型 'Charactor' が使われています。
C:\Users\user\Desktop\DiceGame\CUICPPBase\src\DiceEffectBase\DiceEffectBase.h(4): message : 'Charactor' の宣言を確認してください
C:\Users\user\Desktop\DiceGame\CUICPPBase\src\DiceEffectBase\DiceEffectBase.cpp(23,2): error C3861: 'printf': 識別子が見つかりませんでした
C:\Users\user\Desktop\DiceGame\CUICPPBase\src\DiceEffectBase\DiceEffectBase.cpp(28,1): error C2511: 'void DiceEffectBase::IceAttack(Charactor *,int)': オーバーロードされたメンバー関数が 'DiceEffectBase' にありません。
C:\Users\user\Desktop\DiceGame\CUICPPBase\src\DiceEffectBase\DiceEffectBase.h(8): message : 'DiceEffectBase' の宣言を確認してください
C:\Users\user\Desktop\DiceGame\CUICPPBase\src\DiceEffectBase\DiceEffectBase.cpp(30,5): error C2027: 認識できない型 'Charactor' が使われています。
C:\Users\user\Desktop\DiceGame\CUICPPBase\src\DiceEffectBase\DiceEffectBase.h(4): message : 'Charactor' の宣言を確認してください
C:\Users\user\Desktop\DiceGame\CUICPPBase\src\DiceEffectBase\DiceEffectBase.cpp(33,31): error C2664: 'void DiceEffectBase::NormalAttack(Charactor &,int)': 引数 1 を 'Charactor *' から 'Charactor &' へ変換できません。
C:\Users\user\Desktop\DiceGame\CUICPPBase\src\DiceEffectBase\DiceEffectBase.h(17,10): message : 'DiceEffectBase::NormalAttack' の宣言を確認してください
C:\Users\user\Desktop\DiceGame\CUICPPBase\src\DiceEffectBase\DiceEffectBase.cpp(34,9): error C2027: 認識できない型 'Charactor' が使われています。
C:\Users\user\Desktop\DiceGame\CUICPPBase\src\DiceEffectBase\DiceEffectBase.h(4): message : 'Charactor' の宣言を確認してください
C:\Users\user\Desktop\DiceGame\CUICPPBase\src\DiceEffectBase\DiceEffectBase.cpp(35,66): error C2027: 認識できない型 'Charactor' が使われています。
C:\Users\user\Desktop\DiceGame\CUICPPBase\src\DiceEffectBase\DiceEffectBase.h(4): message : 'Charactor' の宣言を確認してください
C:\Users\user\Desktop\DiceGame\CUICPPBase\src\DiceEffectBase\DiceEffectBase.cpp(35,2): error C3861: 'printf': 識別子が見つかりませんでした
C:\Users\user\Desktop\DiceGame\CUICPPBase\src\DiceEffectBase\DiceEffectBase.cpp(40,1): error C2511: 'void DiceEffectBase::BothPlayerAttack(Charactor *,int)': オーバーロードされたメンバー関数が 'DiceEffectBase' にありません。
C:\Users\user\Desktop\DiceGame\CUICPPBase\src\DiceEffectBase\DiceEffectBase.h(8): message : 'DiceEffectBase' の宣言を確認してください
C:\Users\user\Desktop\DiceGame\CUICPPBase\src\DiceEffectBase\DiceEffectBase.cpp(41,49): error C2065: 'thisHave': 定義されていない識別子です。
C:\Users\user\Desktop\DiceGame\CUICPPBase\src\DiceEffectBase\DiceEffectBase.cpp(41,80): error C2027: 認識できない型 'Charactor' が使われています。
C:\Users\user\Desktop\DiceGame\CUICPPBase\src\DiceEffectBase\DiceEffectBase.h(4): message : 'Charactor' の宣言を確認してください
C:\Users\user\Desktop\DiceGame\CUICPPBase\src\DiceEffectBase\DiceEffectBase.cpp(41,2): error C3861: 'printf': 識別子が見つかりませんでした
C:\Users\user\Desktop\DiceGame\CUICPPBase\src\DiceEffectBase\DiceEffectBase.cpp(43,15): error C2065: 'thisHave': 定義されていない識別子です。
C:\Users\user\Desktop\DiceGame\CUICPPBase\src\DiceEffectBase\DiceEffectBase.cpp(45,31): error C2664: 'void DiceEffectBase::NormalAttack(Charactor &,int)': 引数 1 を 'Charactor *' から 'Charactor &' へ変換できません。
C:\Users\user\Desktop\DiceGame\CUICPPBase\src\DiceEffectBase\DiceEffectBase.h(17,10): message : 'DiceEffectBase::NormalAttack' の宣言を確認してください
C:\Users\user\Desktop\DiceGame\CUICPPBase\src\DiceEffectBase\DiceEffectBase.cpp(50,1): error C2511: 'void DiceEffectBase::AbsorptionAttack(Charactor *,int)': オーバーロードされたメンバー関数が 'DiceEffectBase' にありません。
C:\Users\user\Desktop\DiceGame\CUICPPBase\src\DiceEffectBase\DiceEffectBase.h(8): message : 'DiceEffectBase' の宣言を確認してください
C:\Users\user\Desktop\DiceGame\CUICPPBase\src\DiceEffectBase\DiceEffectBase.cpp(51,6): error C3861: 'GuardTest': 識別子が見つかりませんでした
C:\Users\user\Desktop\DiceGame\CUICPPBase\src\DiceEffectBase\DiceEffectBase.cpp(51,28): error C2065: 'Guard_True': 定義されていない識別子です。
C:\Users\user\Desktop\DiceGame\CUICPPBase\src\DiceEffectBase\DiceEffectBase.cpp(54,126): error C2027: 認識できない型 'Charactor' が使われています。
C:\Users\user\Desktop\DiceGame\CUICPPBase\src\DiceEffectBase\DiceEffectBase.h(4): message : 'Charactor' の宣言を確認してください
C:\Users\user\Desktop\DiceGame\CUICPPBase\src\DiceEffectBase\DiceEffectBase.cpp(54,2): error C3861: 'printf': 識別子が見つかりませんでした
C:\Users\user\Desktop\DiceGame\CUICPPBase\src\DiceEffectBase\DiceEffectBase.cpp(55,2): error C2065: '_this': 定義されていない識別子です。
C:\Users\user\Desktop\DiceGame\CUICPPBase\src\DiceEffectBase\DiceEffectBase.cpp(56,9): error C2027: 認識できない型 'Charactor' が使われています。
C:\Users\user\Desktop\DiceGame\CUICPPBase\src\DiceEffectBase\DiceEffectBase.h(4): message : 'Charactor' の宣言を確認してください
C:\Users\user\Desktop\DiceGame\CUICPPBase\src\DiceEffectBase\DiceEffectBase.cpp(61,1): error C2511: 'void DiceEffectBase::SacrificeAttack(Charactor *,int,int)': オーバーロードされたメンバー関数が 'DiceEffectBase' にありません。
C:\Users\user\Desktop\DiceGame\CUICPPBase\src\DiceEffectBase\DiceEffectBase.h(8): message : 'DiceEffectBase' の宣言を確認してください
C:\Users\user\Desktop\DiceGame\CUICPPBase\src\DiceEffectBase\DiceEffectBase.cpp(62,40): error C2065: '_this': 定義されていない識別子です。
C:\Users\user\Desktop\DiceGame\CUICPPBase\src\DiceEffectBase\DiceEffectBase.cpp(62,2): error C3861: 'printf': 識別子が見つかりませんでした
C:\Users\user\Desktop\DiceGame\CUICPPBase\src\DiceEffectBase\DiceEffectBase.cpp(64,2): error C2065: '_this': 定義されていない識別子です。
C:\Users\user\Desktop\DiceGame\CUICPPBase\src\DiceEffectBase\DiceEffectBase.cpp(66,6): error C3861: 'GuardTest': 識別子が見つかりませんでした
C:\Users\user\Desktop\DiceGame\CUICPPBase\src\DiceEffectBase\DiceEffectBase.cpp(66,28): error C2065: 'Guard_True': 定義されていない識別子です。
C:\Users\user\Desktop\DiceGame\CUICPPBase\src\DiceEffectBase\DiceEffectBase.cpp(69,37): error C2664: 'void DiceEffectBase::NormalAttack(Charactor &,int)': 引数 1 を 'Charactor *' から 'Charactor &' へ変換できません。
C:\Users\user\Desktop\DiceGame\CUICPPBase\src\DiceEffectBase\DiceEffectBase.h(17,10): message : 'DiceEffectBase::NormalAttack' の宣言を確認してください
C:\Users\user\Desktop\DiceGame\CUICPPBase\src\DiceEffectBase\DiceEffectBase.cpp(73,55): error C2061: 構文エラー: 識別子 'FAObject'
C:\Users\user\Desktop\DiceGame\CUICPPBase\src\DiceEffectBase\DiceEffectBase.cpp(74,1): error C2511: 'void DiceEffectBase::FutureAttack(Charactor *)': オーバーロードされたメンバー関数が 'DiceEffectBase' にありません。
C:\Users\user\Desktop\DiceGame\CUICPPBase\src\DiceEffectBase\DiceEffectBase.h(8): message : 'DiceEffectBase' の宣言を確認してください
C:\Users\user\Desktop\DiceGame\CUICPPBase\src\DiceEffectBase\DiceEffectBase.cpp(75,6): error C3861: 'GuardTest': 識別子が見つかりませんでした
C:\Users\user\Desktop\DiceGame\CUICPPBase\src\DiceEffectBase\DiceEffectBase.cpp(75,28): error C2065: 'Guard_False': 定義されていない識別子です。
C:\Users\user\Desktop\DiceGame\CUICPPBase\src\DiceEffectBase\DiceEffectBase.cpp(77,25): error C2065: '_damage': 定義されていない識別子です。
C:\Users\user\Desktop\DiceGame\CUICPPBase\src\DiceEffectBase\DiceEffectBase.cpp(80,74): error C2065: '_obj': 定義されていない識別子です。
C:\Users\user\Desktop\DiceGame\CUICPPBase\src\DiceEffectBase\DiceEffectBase.cpp(80,2): error C3861: 'printf': 識別子が見つかりませんでした
C:\Users\user\Desktop\DiceGame\CUICPPBase\src\DiceEffectBase\DiceEffectBase.cpp(81,2): error C2065: '_obj': 定義されていない識別子です。
C:\Users\user\Desktop\DiceGame\CUICPPBase\src\DiceEffectBase\DiceEffectBase.cpp(86,1): error C2511: 'void DiceEffectBase::DoubleTest(Charactor *,int)': オーバーロードされたメンバー関数が 'DiceEffectBase' にありません。
C:\Users\user\Desktop\DiceGame\CUICPPBase\src\DiceEffectBase\DiceEffectBase.h(8): message : 'DiceEffectBase' の宣言を確認してください
C:\Users\user\Desktop\DiceGame\CUICPPBase\src\DiceEffectBase\DiceEffectBase.cpp(87,6): error C2065: 'dou': 定義されていない識別子です。
C:\Users\user\Desktop\DiceGame\CUICPPBase\src\DiceEffectBase\DiceEffectBase.cpp(90,9): error C2027: 認識できない型 'Charactor' が使われています。
C:\Users\user\Desktop\DiceGame\CUICPPBase\src\DiceEffectBase\DiceEffectBase.h(4): message : 'Charactor' の宣言を確認してください
C:\Users\user\Desktop\DiceGame\CUICPPBase\src\DiceEffectBase\DiceEffectBase.cpp(95,1): error C2511: 'void DiceEffectBase::HealingPoint(Charactor *,int)': オーバーロードされたメンバー関数が 'DiceEffectBase' にありません。
C:\Users\user\Desktop\DiceGame\CUICPPBase\src\DiceEffectBase\DiceEffectBase.h(8): message : 'DiceEffectBase' の宣言を確認してください
C:\Users\user\Desktop\DiceGame\CUICPPBase\src\DiceEffectBase\DiceEffectBase.cpp(96,90): error C2027: 認識できない型 'Charactor' が使われています。
C:\Users\user\Desktop\DiceGame\CUICPPBase\src\DiceEffectBase\DiceEffectBase.h(4): message : 'Charactor' の宣言を確認してください
C:\Users\user\Desktop\DiceGame\CUICPPBase\src\DiceEffectBase\DiceEffectBase.cpp(96,2): error C3861: 'printf': 識別子が見つかりませんでした
C:\Users\user\Desktop\DiceGame\CUICPPBase\src\DiceEffectBase\DiceEffectBase.cpp(97,9): error C2027: 認識できない型 'Charactor' が使われています。
C:\Users\user\Desktop\DiceGame\CUICPPBase\src\DiceEffectBase\DiceEffectBase.h(4): message : 'Charactor' の宣言を確認してください
C:\Users\user\Desktop\DiceGame\CUICPPBase\src\DiceEffectBase\DiceEffectBase.cpp(102,1): error C2511: 'void DiceEffectBase::ChangeHP(Charactor *,Charactor *)': オーバーロードされたメンバー関数が 'DiceEffectBase' にありません。
C:\Users\user\Desktop\DiceGame\CUICPPBase\src\DiceEffectBase\DiceEffectBase.h(8): message : 'DiceEffectBase' の宣言を確認してください
C:\Users\user\Desktop\DiceGame\CUICPPBase\src\DiceEffectBase\DiceEffectBase.cpp(103,53): error C2027: 認識できない型 'Charactor' が使われています。
C:\Users\user\Desktop\DiceGame\CUICPPBase\src\DiceEffectBase\DiceEffectBase.h(4): message : 'Charactor' の宣言を確認してください
C:\Users\user\Desktop\DiceGame\CUICPPBase\src\DiceEffectBase\DiceEffectBase.cpp(103,66): error C2027: 認識できない型 'Charactor' が使われています。
C:\Users\user\Desktop\DiceGame\CUICPPBase\src\DiceEffectBase\DiceEffectBase.h(4): message : 'Charactor' の宣言を確認してください
C:\Users\user\Desktop\DiceGame\CUICPPBase\src\DiceEffectBase\DiceEffectBase.cpp(103,2): error C3861: 'printf': 識別子が見つかりませんでした
C:\Users\user\Desktop\DiceGame\CUICPPBase\src\DiceEffectBase\DiceEffectBase.cpp(104,7): error C2027: 認識できない型 'Charactor' が使われています。
C:\Users\user\Desktop\DiceGame\CUICPPBase\src\DiceEffectBase\DiceEffectBase.h(4): message : 'Charactor' の宣言を確認してください
C:\Users\user\Desktop\DiceGame\CUICPPBase\src\DiceEffectBase\DiceEffectBase.cpp(104,22): error C2027: 認識できない型 'Charactor' が使われています。
C:\Users\user\Desktop\DiceGame\CUICPPBase\src\DiceEffectBase\DiceEffectBase.h(4): message : 'Charactor' の宣言を確認してください
C:\Users\user\Desktop\DiceGame\CUICPPBase\src\DiceEffectBase\DiceEffectBase.cpp(105,9): error C2027: 認識できない型 'Charactor' が使われています。
C:\Users\user\Desktop\DiceGame\CUICPPBase\src\DiceEffectBase\DiceEffectBase.h(4): message : 'Charactor' の宣言を確認してください
C:\Users\user\Desktop\DiceGame\CUICPPBase\src\DiceEffectBase\DiceEffectBase.cpp(105,21): error C2027: 認識できない型 'Charactor' が使われています。
C:\Users\user\Desktop\DiceGame\CUICPPBase\src\DiceEffectBase\DiceEffectBase.h(4): message : 'Charactor' の宣言を確認してください
C:\Users\user\Desktop\DiceGame\CUICPPBase\src\DiceEffectBase\DiceEffectBase.cpp(105,35): error C2027: 認識できない型 'Charactor' が使われています。
C:\Users\user\Desktop\DiceGame\CUICPPBase\src\DiceEffectBase\DiceEffectBase.h(4): message : 'Charactor' の宣言を確認してください
C:\Users\user\Desktop\DiceGame\CUICPPBase\src\DiceEffectBase\DiceEffectBase.cpp(106,7): error C2027: 認識できない型 'Charactor' が使われています。
C:\Users\user\Desktop\DiceGame\CUICPPBase\src\DiceEffectBase\DiceEffectBase.h(4): message : 'Charactor' の宣言を確認してください
C:\Users\user\Desktop\DiceGame\CUICPPBase\src\DiceEffectBase\DiceEffectBase.cpp(106,22): error C2027: 認識できない型 'Charactor' が使われています。
C:\Users\user\Desktop\DiceGame\CUICPPBase\src\DiceEffectBase\DiceEffectBase.h(4): message : 'Charactor' の宣言を確認してください
C:\Users\user\Desktop\DiceGame\CUICPPBase\src\DiceEffectBase\DiceEffectBase.cpp(111,1): error C2511: 'void DiceEffectBase::SetGuard(Charactor *)': オーバーロードされたメンバー関数が 'DiceEffectBase' にありません。
C:\Users\user\Desktop\DiceGame\CUICPPBase\src\DiceEffectBase\DiceEffectBase.h(8): message : 'DiceEffectBase' の宣言を確認してください
C:\Users\user\Desktop\DiceGame\CUICPPBase\src\DiceEffectBase\DiceEffectBase.cpp(114,10): error C2027: 認識できない型 'Charactor' が使われています。
C:\Users\user\Desktop\DiceGame\CUICPPBase\src\DiceEffectBase\DiceEffectBase.h(4): message : 'Charactor' の宣言を確認してください
C:\Users\user\Desktop\DiceGame\CUICPPBase\src\DiceEffectBase\DiceEffectBase.cpp(114,25): error C2027: 認識できない型 'Charactor' が使われています。
C:\Users\user\Desktop\DiceGame\CUICPPBase\src\DiceEffectBase\DiceEffectBase.h(4): message : 'Charactor' の宣言を確認してください
C:\Users\user\Desktop\DiceGame\CUICPPBase\src\DiceEffectBase\DiceEffectBase.cpp(114,40): error C2027: 認識できない型 'Charactor' が使われています。
C:\Users\user\Desktop\DiceGame\CUICPPBase\src\DiceEffectBase\DiceEffectBase.h(4): message : 'Charactor' の宣言を確認してください
C:\Users\user\Desktop\DiceGame\CUICPPBase\src\DiceEffectBase\DiceEffectBase.cpp(112,2): error C3861: 'printf': 識別子が見つかりませんでした
C:\Users\user\Desktop\DiceGame\CUICPPBase\src\DiceEffectBase\DiceEffectBase.cpp(115,9): error C2027: 認識できない型 'Charactor' が使われています。
C:\Users\user\Desktop\DiceGame\CUICPPBase\src\DiceEffectBase\DiceEffectBase.h(4): message : 'Charactor' の宣言を確認してください
  DiceEffects.cpp
C:\Users\user\Desktop\DiceGame\CUICPPBase\src\DiceEffectBase\DiceEffectBase.h(35,43): error C2061: 構文エラー: 識別子 'FutureObject'
C:\Users\user\Desktop\DiceGame\CUICPPBase\src\DiceEffectBase\DiceEffects.h(42,28): error C2011: 'BothPlayerAttackDice': 'class' 型の再定義
C:\Users\user\Desktop\DiceGame\CUICPPBase\src\DiceEffectBase\DiceEffects.h(32): message : 'BothPlayerAttackDice' の宣言を確認してください
C:\Users\user\Desktop\DiceGame\CUICPPBase\src\DiceEffectBase\DiceEffects.h(60,28): error C2011: 'AbsorptionAttackDice': 'class' 型の再定義
C:\Users\user\Desktop\DiceGame\CUICPPBase\src\DiceEffectBase\DiceEffects.h(51): message : 'AbsorptionAttackDice' の宣言を確認してください
C:\Users\user\Desktop\DiceGame\CUICPPBase\src\DiceEffectBase\DiceEffects.h(78,37): error C2011: 'CreateFeatureObjectAttackDice': 'class' 型の再定義
C:\Users\user\Desktop\DiceGame\CUICPPBase\src\DiceEffectBase\DiceEffects.h(69): message : 'CreateFeatureObjectAttackDice' の宣言を確認してください
C:\Users\user\Desktop\DiceGame\CUICPPBase\src\DiceEffectBase\DiceEffects.cpp(26,39): error C2061: 構文エラー: 識別子 'FutureObject'
  Dice.cpp
  FeatureObjectBase.cpp
  Game.cpp
C:\Users\user\Desktop\DiceGame\CUICPPBase\src\Game\Game.cpp(11,22): error C3867: 'MainGame::StartDice': 非標準の構文です。メンバーにポインタを作成するには '&' を使用してください
C:\Users\user\Desktop\DiceGame\CUICPPBase\src\Game\Game.cpp(12,23): error C3867: 'MainGame::TurnStunby': 非標準の構文です。メンバーにポインタを作成するには '&' を使用してください
C:\Users\user\Desktop\DiceGame\CUICPPBase\src\Game\Game.cpp(13,22): error C3867: 'MainGame::ThrowDice': 非標準の構文です。メンバーにポインタを作成するには '&' を使用してください
C:\Users\user\Desktop\DiceGame\CUICPPBase\src\Game\Game.cpp(14,23): error C3867: 'MainGame::DiceEffect': 非標準の構文です。メンバーにポインタを作成するには '&' を使用してください
C:\Users\user\Desktop\DiceGame\CUICPPBase\src\Game\Game.cpp(15,20): error C3867: 'MainGame::TurnEnd': 非標準の構文です。メンバーにポインタを作成するには '&' を使用してください
  コードを生成中...
